<?xml version="1.0" encoding="UTF-8"?>
<!-- Generated by org.testng.reporters.JUnitReportReporter -->
<testsuite hostname="Aadya" failures="0" tests="4" name="test.LoginTest" time="6.703" errors="0" timestamp="2023-02-16T08:38:35 IST" skipped="0">
  <testcase classname="test.LoginTest" name="verifyBuildTitleName" time="0.013"/>
  <system-out/>
  <testcase classname="test.LoginTest" name="verifyTitleOfLoginPage" time="4.576"/>
  <system-out/>
  <testcase classname="test.LoginTest" name="verifyCurrentUrlOfPage" time="0.009"/>
  <system-out/>
  <testcase classname="test.LoginTest" name="verifyLoginWithCorrectCredentials" time="2.105"/>
  <system-out/>
</testsuite> <!-- test.LoginTest -->
