<?xml version="1.0" encoding="UTF-8"?>
<!-- Generated by org.testng.reporters.JUnitReportReporter -->
<testsuite hostname="Aadya" failures="0" tests="2" name="testng.CheckingTestSequence" time="0.009" errors="0" timestamp="2023-01-26T17:36:30 IST" skipped="0">
  <testcase classname="testng.CheckingTestSequence" name="ba" time="0.001"/>
  <system-out/>
  <testcase classname="testng.CheckingTestSequence" name="ab" time="0.008"/>
  <system-out/>
</testsuite> <!-- testng.CheckingTestSequence -->
