<?xml version="1.0" encoding="UTF-8"?>
<!-- Generated by org.testng.reporters.JUnitReportReporter -->
<testsuite hostname="Aadya" failures="0" tests="2" name="testng.CheckingTestSequence1" time="0.007" errors="0" timestamp="2023-01-26T17:38:31 IST" skipped="0">
  <testcase classname="testng.CheckingTestSequence1" name="ab" time="0.006"/>
  <system-out/>
  <testcase classname="testng.CheckingTestSequence1" name="ba" time="0.001"/>
  <system-out/>
</testsuite> <!-- testng.CheckingTestSequence1 -->
