<?xml version="1.0" encoding="UTF-8"?>
<!-- Generated by org.testng.reporters.JUnitReportReporter -->
<testsuite hostname="Aadya" failures="0" tests="2" name="testng.CheckingTestSeqence2" time="0.007" errors="0" timestamp="2023-01-30T21:47:02 IST" skipped="1">
  <testcase classname="testng.CheckingTestSeqence2" name="ba" time="0.007"/>
  <system-out/>
  <testcase classname="testng.CheckingTestSeqence2" name="ab">
    <skipped/>
  </testcase> <!-- ab -->
  <system-out/>
</testsuite> <!-- testng.CheckingTestSeqence2 -->
