<?xml version="1.0" encoding="UTF-8"?>
<!-- Generated by org.testng.reporters.JUnitReportReporter -->
<testsuite hostname="Aadya" failures="0" tests="1" name="testng.AnnotationSequence" time="0.005" errors="0" timestamp="2023-01-31T14:23:19 IST" skipped="0">
  <testcase classname="testng.AnnotationSequence" name="verifyLoginAfterCorrectCredential" time="0.005"/>
  <system-out/>
</testsuite> <!-- testng.AnnotationSequence -->
