<?xml version="1.0" encoding="UTF-8"?>
<!-- Generated by org.testng.reporters.JUnitReportReporter -->
<testsuite hostname="Aadya" failures="0" tests="4" name="test.LoginTest" time="6.986" errors="0" timestamp="2023-02-16T08:36:44 IST" skipped="0">
  <testcase classname="test.LoginTest" name="verifyBuildTitleName" time="0.018"/>
  <system-out/>
  <testcase classname="test.LoginTest" name="verifyTitleOfLoginPage" time="4.021"/>
  <system-out/>
  <testcase classname="test.LoginTest" name="verifyCurrentUrlOfPage" time="0.007"/>
  <system-out/>
  <testcase classname="test.LoginTest" name="verifyLoginWithCorrectCredentials" time="2.940"/>
  <system-out/>
</testsuite> <!-- test.LoginTest -->
