<?xml version="1.0" encoding="UTF-8"?>
<!-- Generated by org.testng.reporters.JUnitReportReporter -->
<testsuite hostname="Aadya" failures="0" tests="3" name="test.PIMTest" time="4.413" errors="0" timestamp="2023-02-16T08:36:44 IST" skipped="0">
  <testcase classname="test.PIMTest" name="verifyPimPageTitle" time="4.235"/>
  <system-out/>
  <testcase classname="test.PIMTest" name="verifyEmpSearchEmpId" time="0.177"/>
  <system-out/>
  <testcase classname="test.PIMTest" name="TestIngChanges" time="0.001"/>
  <system-out/>
</testsuite> <!-- test.PIMTest -->
